#
# There is insufficient memory for the Java Runtime Environment to continue.
# Native memory allocation (malloc) failed to allocate 1027856 bytes for Chunk::new
# Possible reasons:
#   The system is out of physical RAM or swap space
#   The process is running with CompressedOops enabled, and the Java Heap may be blocking the growth of the native heap
# Possible solutions:
#   Reduce memory load on the system
#   Increase physical memory or swap space
#   Check if swap backing store is full
#   Decrease Java heap size (-Xmx/-Xms)
#   Decrease number of Java threads
#   Decrease Java thread stack sizes (-Xss)
#   Set larger code cache with -XX:ReservedCodeCacheSize=
#   JVM is running with Zero Based Compressed Oops mode in which the Java heap is
#     placed in the first 32GB address space. The Java Heap base address is the
#     maximum limit for the native heap growth. Please use -XX:HeapBaseMinAddress
#     to set the Java Heap base and to place the Java Heap above 32GB virtual address.
# This output file may be truncated or incomplete.
#
#  Out of Memory Error (arena.cpp:189), pid=424, tid=14748
#
# JRE version: Java(TM) SE Runtime Environment (17.0.8+9) (build 17.0.8+9-LTS-211)
# Java VM: Java HotSpot(TM) 64-Bit Server VM (17.0.8+9-LTS-211, mixed mode, sharing, tiered, compressed oops, compressed class ptrs, g1 gc, windows-amd64)
# No core dump will be written. Minidumps are not enabled by default on client versions of Windows
#

---------------  S U M M A R Y ------------

Command Line: -javaagent:C:\Program Files\JetBrains\IntelliJ IDEA Community Edition 2023.2.2\lib\idea_rt.jar=62447:C:\Program Files\JetBrains\IntelliJ IDEA Community Edition 2023.2.2\bin -Dfile.encoding=UTF-8 com.example.sugarroad2.SugarRoad2Application

Host: Intel(R) Core(TM) i7-4790 CPU @ 3.60GHz, 8 cores, 15G,  Windows 10 , 64 bit Build 18362 (10.0.18362.1082)
Time: Wed Nov 15 19:51:08 2023 대한민국 표준시 elapsed time: 121.512170 seconds (0d 0h 2m 1s)

---------------  T H R E A D  ---------------

Current thread (0x000002827d14ed00):  JavaThread "C2 CompilerThread1" daemon [_thread_in_native, id=14748, stack(0x000000e103d00000,0x000000e103e00000)]


Current CompileTask:
C2: 121512 10696   !   4       org.springframework.aop.framework.JdkDynamicAopProxy::invoke (562 bytes)

Stack: [0x000000e103d00000,0x000000e103e00000]
Native frames: (J=compiled Java code, j=interpreted, Vv=VM code, C=native code)
V  [jvm.dll+0x677d0a]
V  [jvm.dll+0x7d8c54]
V  [jvm.dll+0x7da3fe]
V  [jvm.dll+0x7daa63]
V  [jvm.dll+0x245c5f]
V  [jvm.dll+0xaaa6b]
V  [jvm.dll+0xab00c]
V  [jvm.dll+0x361e8e]
V  [jvm.dll+0x32c551]
V  [jvm.dll+0x32b9ea]
V  [jvm.dll+0x217fff]
V  [jvm.dll+0x217431]
V  [jvm.dll+0x1a3af0]
V  [jvm.dll+0x2270be]
V  [jvm.dll+0x22535b]
V  [jvm.dll+0x78e7bc]
V  [jvm.dll+0x788bba]
V  [jvm.dll+0x676b35]
C  [ucrtbase.dll+0x20e82]
C  [KERNEL32.DLL+0x17bd4]
C  [ntdll.dll+0x6ce51]


---------------  P R O C E S S  ---------------

Threads class SMR info:
_java_thread_list=0x000002827e06f8c0, length=35, elements={
0x0000028278e3a850, 0x0000028278e3d6d0, 0x000002827d0026f0, 0x000002827d0048d0,
0x000002827d007390, 0x000002827d00fd60, 0x000002827d014ef0, 0x000002827d0159b0,
0x000002827d0162d0, 0x000002827d12e740, 0x000002827d63bb00, 0x000002827d4f35f0,
0x000002827e7d2e90, 0x000002827e7d24f0, 0x000002827e7d46a0, 0x000002827e7d3d00,
0x000002827e7d3360, 0x000002827e7d59e0, 0x00000282431ec610, 0x00000282431ed480,
0x00000282431ecae0, 0x00000282431ede20, 0x00000282431ef160, 0x00000282431eec90,
0x00000282431ef630, 0x00000282431ed950, 0x00000282431ecfb0, 0x00000282431ec140,
0x00000282431ee2f0, 0x00000282431ee7c0, 0x00000282431efb00, 0x000002827e7d5eb0,
0x000002827d14ed00, 0x000002827df31f60, 0x0000028242cf5030
}

Java Threads: ( => current thread )
  0x0000028278e3a850 JavaThread "Reference Handler" daemon [_thread_blocked, id=9664, stack(0x000000e104700000,0x000000e104800000)]
  0x0000028278e3d6d0 JavaThread "Finalizer" daemon [_thread_blocked, id=21500, stack(0x000000e104800000,0x000000e104900000)]
  0x000002827d0026f0 JavaThread "Signal Dispatcher" daemon [_thread_blocked, id=5924, stack(0x000000e104900000,0x000000e104a00000)]
  0x000002827d0048d0 JavaThread "Attach Listener" daemon [_thread_blocked, id=19156, stack(0x000000e104a00000,0x000000e104b00000)]
  0x000002827d007390 JavaThread "Service Thread" daemon [_thread_blocked, id=4456, stack(0x000000e104b00000,0x000000e104c00000)]
  0x000002827d00fd60 JavaThread "Monitor Deflation Thread" daemon [_thread_blocked, id=16256, stack(0x000000e104c00000,0x000000e104d00000)]
  0x000002827d014ef0 JavaThread "C2 CompilerThread0" daemon [_thread_in_native, id=19964, stack(0x000000e104d00000,0x000000e104e00000)]
  0x000002827d0159b0 JavaThread "C1 CompilerThread0" daemon [_thread_blocked, id=7132, stack(0x000000e104e00000,0x000000e104f00000)]
  0x000002827d0162d0 JavaThread "Sweeper thread" daemon [_thread_blocked, id=15984, stack(0x000000e104f00000,0x000000e105000000)]
  0x000002827d12e740 JavaThread "Common-Cleaner" daemon [_thread_blocked, id=8076, stack(0x000000e105000000,0x000000e105100000)]
  0x000002827d63bb00 JavaThread "Monitor Ctrl-Break" daemon [_thread_in_native, id=10996, stack(0x000000e105300000,0x000000e105400000)]
  0x000002827d4f35f0 JavaThread "Notification Thread" daemon [_thread_blocked, id=9380, stack(0x000000e105400000,0x000000e105500000)]
  0x000002827e7d2e90 JavaThread "Catalina-utility-1" [_thread_blocked, id=13436, stack(0x000000e106000000,0x000000e106100000)]
  0x000002827e7d24f0 JavaThread "Catalina-utility-2" [_thread_blocked, id=18204, stack(0x000000e106100000,0x000000e106200000)]
  0x000002827e7d46a0 JavaThread "container-0" [_thread_blocked, id=7424, stack(0x000000e106200000,0x000000e106300000)]
  0x000002827e7d3d00 JavaThread "mysql-cj-abandoned-connection-cleanup" daemon [_thread_blocked, id=19876, stack(0x000000e106300000,0x000000e106400000)]
  0x000002827e7d3360 JavaThread "HikariPool-1 housekeeper" daemon [_thread_blocked, id=19056, stack(0x000000e106500000,0x000000e106600000)]
  0x000002827e7d59e0 JavaThread "File Watcher" daemon [_thread_blocked, id=5256, stack(0x000000e106700000,0x000000e106800000)]
  0x00000282431ec610 JavaThread "Live Reload Server" daemon [_thread_in_native, id=16844, stack(0x000000e106900000,0x000000e106a00000)]
  0x00000282431ed480 JavaThread "http-nio-1023-exec-1" daemon [_thread_blocked, id=22248, stack(0x000000e106800000,0x000000e106900000)]
  0x00000282431ecae0 JavaThread "http-nio-1023-exec-2" daemon [_thread_blocked, id=15956, stack(0x000000e106a00000,0x000000e106b00000)]
  0x00000282431ede20 JavaThread "http-nio-1023-exec-3" daemon [_thread_blocked, id=22252, stack(0x000000e106b00000,0x000000e106c00000)]
  0x00000282431ef160 JavaThread "http-nio-1023-exec-4" daemon [_thread_in_vm, id=15932, stack(0x000000e106c00000,0x000000e106d00000)]
  0x00000282431eec90 JavaThread "http-nio-1023-exec-5" daemon [_thread_in_native, id=10360, stack(0x000000e106d00000,0x000000e106e00000)]
  0x00000282431ef630 JavaThread "http-nio-1023-exec-6" daemon [_thread_blocked, id=10796, stack(0x000000e106e00000,0x000000e106f00000)]
  0x00000282431ed950 JavaThread "http-nio-1023-exec-7" daemon [_thread_in_Java, id=4180, stack(0x000000e106f00000,0x000000e107000000)]
  0x00000282431ecfb0 JavaThread "http-nio-1023-exec-8" daemon [_thread_blocked, id=6420, stack(0x000000e107000000,0x000000e107100000)]
  0x00000282431ec140 JavaThread "http-nio-1023-exec-9" daemon [_thread_blocked, id=17360, stack(0x000000e107100000,0x000000e107200000)]
  0x00000282431ee2f0 JavaThread "http-nio-1023-exec-10" daemon [_thread_in_native, id=8660, stack(0x000000e107200000,0x000000e107300000)]
  0x00000282431ee7c0 JavaThread "http-nio-1023-Poller" daemon [_thread_in_native, id=22236, stack(0x000000e107300000,0x000000e107400000)]
  0x00000282431efb00 JavaThread "http-nio-1023-Acceptor" daemon [_thread_in_native, id=20836, stack(0x000000e107400000,0x000000e107500000)]
  0x000002827e7d5eb0 JavaThread "DestroyJavaVM" [_thread_blocked, id=17684, stack(0x000000e104000000,0x000000e104100000)]
=>0x000002827d14ed00 JavaThread "C2 CompilerThread1" daemon [_thread_in_native, id=14748, stack(0x000000e103d00000,0x000000e103e00000)]
  0x000002827df31f60 JavaThread "HikariPool-1 connection adder" daemon [_thread_blocked, id=15816, stack(0x000000e103e00000,0x000000e103f00000)]
  0x0000028242cf5030 JavaThread "C2 CompilerThread2" daemon [_thread_in_native, id=7764, stack(0x000000e105600000,0x000000e105700000)]

Other Threads:
  0x0000028278e35850 VMThread "VM Thread" [stack: 0x000000e104600000,0x000000e104700000] [id=21732]
  0x000002827d4f3f40 WatcherThread [stack: 0x000000e105500000,0x000000e105600000] [id=18740]
  0x00000282561050e0 GCTaskThread "GC Thread#0" [stack: 0x000000e104100000,0x000000e104200000] [id=13332]
  0x000002827d88e150 GCTaskThread "GC Thread#1" [stack: 0x000000e105800000,0x000000e105900000] [id=14284]
  0x000002827d88e400 GCTaskThread "GC Thread#2" [stack: 0x000000e105900000,0x000000e105a00000] [id=1584]
  0x000002827dca7280 GCTaskThread "GC Thread#3" [stack: 0x000000e105a00000,0x000000e105b00000] [id=9156]
  0x000002827dca7530 GCTaskThread "GC Thread#4" [stack: 0x000000e105b00000,0x000000e105c00000] [id=6968]
  0x000002827ddfb8a0 GCTaskThread "GC Thread#5" [stack: 0x000000e105c00000,0x000000e105d00000] [id=8644]
  0x000002827e4e1b70 GCTaskThread "GC Thread#6" [stack: 0x000000e105e00000,0x000000e105f00000] [id=21056]
  0x000002827e03ac00 GCTaskThread "GC Thread#7" [stack: 0x000000e105f00000,0x000000e106000000] [id=13324]
  0x0000028256115ef0 ConcurrentGCThread "G1 Main Marker" [stack: 0x000000e104200000,0x000000e104300000] [id=10416]
  0x00000282561170a0 ConcurrentGCThread "G1 Conc#0" [stack: 0x000000e104300000,0x000000e104400000] [id=12704]
  0x000002827ede0610 ConcurrentGCThread "G1 Conc#1" [stack: 0x000000e105d00000,0x000000e105e00000] [id=17072]
  0x000002825614e510 ConcurrentGCThread "G1 Refine#0" [stack: 0x000000e104400000,0x000000e104500000] [id=16988]
  0x0000028242cf3d20 ConcurrentGCThread "G1 Refine#1" [stack: 0x000000e103f00000,0x000000e104000000] [id=916]
  0x0000028278cf1170 ConcurrentGCThread "G1 Service" [stack: 0x000000e104500000,0x000000e104600000] [id=3160]

Threads with active compile tasks:
C2 CompilerThread0   121540 10664   !   4       org.springframework.http.server.ServletServerHttpRequest::getHeaders (283 bytes)
C2 CompilerThread1   121540 10696   !   4       org.springframework.aop.framework.JdkDynamicAopProxy::invoke (562 bytes)
C2 CompilerThread2   121540 10782       4       org.springframework.data.jpa.repository.support.CrudMethodMetadataPostProcessor$ThreadBoundTargetSource::getTarget (14 bytes)

VM state: not at safepoint (normal execution)

VM Mutex/Monitor currently owned by a thread: None

Heap address: 0x0000000701200000, size: 4078 MB, Compressed Oops mode: Zero based, Oop shift amount: 3

CDS archive(s) mapped at: [0x0000028200000000-0x0000028200bd0000-0x0000028200bd0000), size 12386304, SharedBaseAddress: 0x0000028200000000, ArchiveRelocationMode: 1.
Compressed class space mapped at: 0x0000028201000000-0x0000028241000000, reserved size: 1073741824
Narrow klass base: 0x0000028200000000, Narrow klass shift: 0, Narrow klass range: 0x100000000

GC Precious Log:
 CPUs: 8 total, 8 available
 Memory: 16304M
 Large Page Support: Disabled
 NUMA Support: Disabled
 Compressed Oops: Enabled (Zero based)
 Heap Region Size: 2M
 Heap Min Capacity: 8M
 Heap Initial Capacity: 256M
 Heap Max Capacity: 4078M
 Pre-touch: Disabled
 Parallel Workers: 8
 Concurrent Workers: 2
 Concurrent Refinement Workers: 8
 Periodic GC: Disabled

Heap:
 garbage-first heap   total 161792K, used 99222K [0x0000000701200000, 0x0000000800000000)
  region size 2048K, 38 young (77824K), 4 survivors (8192K)
 Metaspace       used 71955K, committed 72576K, reserved 1114112K
  class space    used 9265K, committed 9600K, reserved 1048576K

Heap Regions: E=young(eden), S=young(survivor), O=old, HS=humongous(starts), HC=humongous(continues), CS=collection set, F=free, OA=open archive, CA=closed archive, TAMS=top-at-mark-start (previous, next)
|   0|0x0000000701200000, 0x0000000701400000, 0x0000000701400000|100%| O|  |TAMS 0x0000000701400000, 0x0000000701200000| Untracked 
|   1|0x0000000701400000, 0x0000000701600000, 0x0000000701600000|100%| O|  |TAMS 0x0000000701600000, 0x0000000701400000| Untracked 
|   2|0x0000000701600000, 0x0000000701800000, 0x0000000701800000|100%| O|  |TAMS 0x0000000701800000, 0x0000000701600000| Untracked 
|   3|0x0000000701800000, 0x000000070188fe00, 0x0000000701a00000| 28%| O|  |TAMS 0x000000070188fe00, 0x0000000701800000| Untracked 
|   4|0x0000000701a00000, 0x0000000701c00000, 0x0000000701c00000|100%| O|  |TAMS 0x0000000701c00000, 0x0000000701a00000| Untracked 
|   5|0x0000000701c00000, 0x0000000701e00000, 0x0000000701e00000|100%| O|  |TAMS 0x0000000701e00000, 0x0000000701c00000| Untracked 
|   6|0x0000000701e00000, 0x0000000702000000, 0x0000000702000000|100%| O|  |TAMS 0x0000000702000000, 0x0000000701e00000| Untracked 
|   7|0x0000000702000000, 0x0000000702200000, 0x0000000702200000|100%| O|  |TAMS 0x0000000702200000, 0x0000000702000000| Untracked 
|   8|0x0000000702200000, 0x0000000702400000, 0x0000000702400000|100%| O|  |TAMS 0x0000000702400000, 0x0000000702200000| Untracked 
|   9|0x0000000702400000, 0x0000000702600000, 0x0000000702600000|100%| O|  |TAMS 0x000000070250fc00, 0x0000000702400000| Untracked 
|  10|0x0000000702600000, 0x0000000702800000, 0x0000000702800000|100%| O|  |TAMS 0x0000000702600000, 0x0000000702600000| Untracked 
|  11|0x0000000702800000, 0x0000000702a00000, 0x0000000702a00000|100%| O|  |TAMS 0x0000000702800000, 0x0000000702800000| Untracked 
|  12|0x0000000702a00000, 0x0000000702a69e00, 0x0000000702c00000| 20%| O|  |TAMS 0x0000000702a00000, 0x0000000702a00000| Untracked 
|  13|0x0000000702c00000, 0x0000000702c00000, 0x0000000702e00000|  0%| F|  |TAMS 0x0000000702c00000, 0x0000000702c00000| Untracked 
|  14|0x0000000702e00000, 0x0000000702e00000, 0x0000000703000000|  0%| F|  |TAMS 0x0000000702e00000, 0x0000000702e00000| Untracked 
|  15|0x0000000703000000, 0x0000000703000000, 0x0000000703200000|  0%| F|  |TAMS 0x0000000703000000, 0x0000000703000000| Untracked 
|  16|0x0000000703200000, 0x0000000703200000, 0x0000000703400000|  0%| F|  |TAMS 0x0000000703200000, 0x0000000703200000| Untracked 
|  17|0x0000000703400000, 0x0000000703400000, 0x0000000703600000|  0%| F|  |TAMS 0x0000000703400000, 0x0000000703400000| Untracked 
|  18|0x0000000703600000, 0x0000000703600000, 0x0000000703800000|  0%| F|  |TAMS 0x0000000703600000, 0x0000000703600000| Untracked 
|  19|0x0000000703800000, 0x0000000703800000, 0x0000000703a00000|  0%| F|  |TAMS 0x0000000703800000, 0x0000000703800000| Untracked 
|  20|0x0000000703a00000, 0x0000000703a00000, 0x0000000703c00000|  0%| F|  |TAMS 0x0000000703a00000, 0x0000000703a00000| Untracked 
|  21|0x0000000703c00000, 0x0000000703c00000, 0x0000000703e00000|  0%| F|  |TAMS 0x0000000703c00000, 0x0000000703c00000| Untracked 
|  22|0x0000000703e00000, 0x0000000703e00000, 0x0000000704000000|  0%| F|  |TAMS 0x0000000703e00000, 0x0000000703e00000| Untracked 
|  23|0x0000000704000000, 0x0000000704000000, 0x0000000704200000|  0%| F|  |TAMS 0x0000000704000000, 0x0000000704000000| Untracked 
|  24|0x0000000704200000, 0x0000000704200000, 0x0000000704400000|  0%| F|  |TAMS 0x0000000704200000, 0x0000000704200000| Untracked 
|  25|0x0000000704400000, 0x0000000704400000, 0x0000000704600000|  0%| F|  |TAMS 0x0000000704400000, 0x0000000704400000| Untracked 
|  26|0x0000000704600000, 0x0000000704600000, 0x0000000704800000|  0%| F|  |TAMS 0x0000000704600000, 0x0000000704600000| Untracked 
|  27|0x0000000704800000, 0x0000000704800000, 0x0000000704a00000|  0%| F|  |TAMS 0x0000000704800000, 0x0000000704800000| Untracked 
|  28|0x0000000704a00000, 0x0000000704bebfe8, 0x0000000704c00000| 96%| S|CS|TAMS 0x0000000704a00000, 0x0000000704a00000| Complete 
|  29|0x0000000704c00000, 0x0000000704c00000, 0x0000000704e00000|  0%| F|  |TAMS 0x0000000704c00000, 0x0000000704c00000| Untracked 
|  30|0x0000000704e00000, 0x0000000704e00000, 0x0000000705000000|  0%| F|  |TAMS 0x0000000704e00000, 0x0000000704e00000| Untracked 
|  31|0x0000000705000000, 0x0000000705000000, 0x0000000705200000|  0%| F|  |TAMS 0x0000000705000000, 0x0000000705000000| Untracked 
|  32|0x0000000705200000, 0x0000000705200000, 0x0000000705400000|  0%| F|  |TAMS 0x0000000705200000, 0x0000000705200000| Untracked 
|  33|0x0000000705400000, 0x0000000705600000, 0x0000000705600000|100%| S|CS|TAMS 0x0000000705400000, 0x0000000705400000| Complete 
|  34|0x0000000705600000, 0x0000000705800000, 0x0000000705800000|100%| S|CS|TAMS 0x0000000705600000, 0x0000000705600000| Complete 
|  35|0x0000000705800000, 0x0000000705a00000, 0x0000000705a00000|100%| S|CS|TAMS 0x0000000705800000, 0x0000000705800000| Complete 
|  36|0x0000000705a00000, 0x0000000705a00000, 0x0000000705c00000|  0%| F|  |TAMS 0x0000000705a00000, 0x0000000705a00000| Untracked 
|  37|0x0000000705c00000, 0x0000000705c00000, 0x0000000705e00000|  0%| F|  |TAMS 0x0000000705c00000, 0x0000000705c00000| Untracked 
|  38|0x0000000705e00000, 0x0000000705e00000, 0x0000000706000000|  0%| F|  |TAMS 0x0000000705e00000, 0x0000000705e00000| Untracked 
|  39|0x0000000706000000, 0x0000000706000000, 0x0000000706200000|  0%| F|  |TAMS 0x0000000706000000, 0x0000000706000000| Untracked 
|  40|0x0000000706200000, 0x0000000706200000, 0x0000000706400000|  0%| F|  |TAMS 0x0000000706200000, 0x0000000706200000| Untracked 
|  41|0x0000000706400000, 0x0000000706400000, 0x0000000706600000|  0%| F|  |TAMS 0x0000000706400000, 0x0000000706400000| Untracked 
|  42|0x0000000706600000, 0x0000000706600000, 0x0000000706800000|  0%| F|  |TAMS 0x0000000706600000, 0x0000000706600000| Untracked 
|  43|0x0000000706800000, 0x0000000706800000, 0x0000000706a00000|  0%| F|  |TAMS 0x0000000706800000, 0x0000000706800000| Untracked 
|  44|0x0000000706a00000, 0x0000000706a00000, 0x0000000706c00000|  0%| F|  |TAMS 0x0000000706a00000, 0x0000000706a00000| Untracked 
|  45|0x0000000706c00000, 0x0000000706e00000, 0x0000000706e00000|100%| E|  |TAMS 0x0000000706c00000, 0x0000000706c00000| Complete 
|  46|0x0000000706e00000, 0x0000000707000000, 0x0000000707000000|100%| E|CS|TAMS 0x0000000706e00000, 0x0000000706e00000| Complete 
|  47|0x0000000707000000, 0x0000000707200000, 0x0000000707200000|100%| E|CS|TAMS 0x0000000707000000, 0x0000000707000000| Complete 
|  48|0x0000000707200000, 0x0000000707400000, 0x0000000707400000|100%| E|CS|TAMS 0x0000000707200000, 0x0000000707200000| Complete 
|  49|0x0000000707400000, 0x0000000707600000, 0x0000000707600000|100%| E|CS|TAMS 0x0000000707400000, 0x0000000707400000| Complete 
|  50|0x0000000707600000, 0x0000000707800000, 0x0000000707800000|100%| E|CS|TAMS 0x0000000707600000, 0x0000000707600000| Complete 
|  51|0x0000000707800000, 0x0000000707a00000, 0x0000000707a00000|100%| E|CS|TAMS 0x0000000707800000, 0x0000000707800000| Complete 
|  52|0x0000000707a00000, 0x0000000707c00000, 0x0000000707c00000|100%| E|CS|TAMS 0x0000000707a00000, 0x0000000707a00000| Complete 
|  53|0x0000000707c00000, 0x0000000707e00000, 0x0000000707e00000|100%| E|CS|TAMS 0x0000000707c00000, 0x0000000707c00000| Complete 
|  54|0x0000000707e00000, 0x0000000708000000, 0x0000000708000000|100%| E|CS|TAMS 0x0000000707e00000, 0x0000000707e00000| Complete 
|  55|0x0000000708000000, 0x0000000708200000, 0x0000000708200000|100%| E|CS|TAMS 0x0000000708000000, 0x0000000708000000| Complete 
|  56|0x0000000708200000, 0x0000000708400000, 0x0000000708400000|100%| E|CS|TAMS 0x0000000708200000, 0x0000000708200000| Complete 
|  57|0x0000000708400000, 0x0000000708600000, 0x0000000708600000|100%| E|CS|TAMS 0x0000000708400000, 0x0000000708400000| Complete 
|  58|0x0000000708600000, 0x0000000708800000, 0x0000000708800000|100%| E|CS|TAMS 0x0000000708600000, 0x0000000708600000| Complete 
|  59|0x0000000708800000, 0x0000000708a00000, 0x0000000708a00000|100%| E|CS|TAMS 0x0000000708800000, 0x0000000708800000| Complete 
|  60|0x0000000708a00000, 0x0000000708c00000, 0x0000000708c00000|100%| E|CS|TAMS 0x0000000708a00000, 0x0000000708a00000| Complete 
|  61|0x0000000708c00000, 0x0000000708e00000, 0x0000000708e00000|100%| E|CS|TAMS 0x0000000708c00000, 0x0000000708c00000| Complete 
|  62|0x0000000708e00000, 0x0000000709000000, 0x0000000709000000|100%| E|CS|TAMS 0x0000000708e00000, 0x0000000708e00000| Complete 
|  63|0x0000000709000000, 0x0000000709200000, 0x0000000709200000|100%| E|CS|TAMS 0x0000000709000000, 0x0000000709000000| Complete 
|  64|0x0000000709200000, 0x0000000709400000, 0x0000000709400000|100%| E|CS|TAMS 0x0000000709200000, 0x0000000709200000| Complete 
|  65|0x0000000709400000, 0x0000000709600000, 0x0000000709600000|100%| E|CS|TAMS 0x0000000709400000, 0x0000000709400000| Complete 
|  66|0x0000000709600000, 0x0000000709800000, 0x0000000709800000|100%| E|CS|TAMS 0x0000000709600000, 0x0000000709600000| Complete 
|  67|0x0000000709800000, 0x0000000709a00000, 0x0000000709a00000|100%| E|CS|TAMS 0x0000000709800000, 0x0000000709800000| Complete 
|  68|0x0000000709a00000, 0x0000000709c00000, 0x0000000709c00000|100%| E|CS|TAMS 0x0000000709a00000, 0x0000000709a00000| Complete 
|  69|0x0000000709c00000, 0x0000000709e00000, 0x0000000709e00000|100%| E|CS|TAMS 0x0000000709c00000, 0x0000000709c00000| Complete 
|  70|0x0000000709e00000, 0x000000070a000000, 0x000000070a000000|100%| E|CS|TAMS 0x0000000709e00000, 0x0000000709e00000| Complete 
|  71|0x000000070a000000, 0x000000070a200000, 0x000000070a200000|100%| E|CS|TAMS 0x000000070a000000, 0x000000070a000000| Complete 
|  72|0x000000070a200000, 0x000000070a400000, 0x000000070a400000|100%| E|CS|TAMS 0x000000070a200000, 0x000000070a200000| Complete 
|  73|0x000000070a400000, 0x000000070a600000, 0x000000070a600000|100%| E|CS|TAMS 0x000000070a400000, 0x000000070a400000| Complete 
|  89|0x000000070c400000, 0x000000070c600000, 0x000000070c600000|100%| E|CS|TAMS 0x000000070c400000, 0x000000070c400000| Complete 
|  90|0x000000070c600000, 0x000000070c800000, 0x000000070c800000|100%| E|CS|TAMS 0x000000070c600000, 0x000000070c600000| Complete 
|  91|0x000000070c800000, 0x000000070ca00000, 0x000000070ca00000|100%| E|CS|TAMS 0x000000070c800000, 0x000000070c800000| Complete 
|  92|0x000000070ca00000, 0x000000070cc00000, 0x000000070cc00000|100%| E|CS|TAMS 0x000000070ca00000, 0x000000070ca00000| Complete 
| 127|0x0000000711000000, 0x0000000711200000, 0x0000000711200000|100%| E|CS|TAMS 0x0000000711000000, 0x0000000711000000| Complete 

Card table byte_map: [0x000002826d450000,0x000002826dc50000] _byte_map_base: 0x0000028269c47000

Marking Bits (Prev, Next): (CMBitMap*) 0x0000028256105730, (CMBitMap*) 0x00000282561056f0
 Prev Bits: [0x0000028272410000, 0x00000282763c8000)
 Next Bits: [0x000002826e450000, 0x0000028272408000)

Polling page: 0x0000028254050000

Metaspace:

Usage:
  Non-class:     61.22 MB used.
      Class:      9.05 MB used.
       Both:     70.27 MB used.

Virtual space:
  Non-class space:       64.00 MB reserved,      61.50 MB ( 96%) committed,  1 nodes.
      Class space:        1.00 GB reserved,       9.38 MB ( <1%) committed,  1 nodes.
             Both:        1.06 GB reserved,      70.88 MB (  7%) committed. 

Chunk freelists:
   Non-Class:  2.38 MB
       Class:  6.55 MB
        Both:  8.93 MB

MaxMetaspaceSize: unlimited
CompressedClassSpaceSize: 1.00 GB
Initial GC threshold: 21.00 MB
Current GC threshold: 73.69 MB
CDS: on
MetaspaceReclaimPolicy: balanced
 - commit_granule_bytes: 65536.
 - commit_granule_words: 8192.
 - virtual_space_node_default_size: 8388608.
 - enlarge_chunks_in_place: 1.
 - new_chunks_are_fully_committed: 0.
 - uncommit_free_chunks: 1.
 - use_allocation_guard: 0.
 - handle_deallocations: 1.


Internal statistics:

num_allocs_failed_limit: 9.
num_arena_births: 826.
num_arena_deaths: 0.
num_vsnodes_births: 2.
num_vsnodes_deaths: 0.
num_space_committed: 1134.
num_space_uncommitted: 0.
num_chunks_returned_to_freelist: 9.
num_chunks_taken_from_freelist: 3382.
num_chunk_merges: 9.
num_chunk_splits: 2424.
num_chunks_enlarged: 1875.
num_purges: 0.
num_inconsistent_stats: 0.

CodeHeap 'non-profiled nmethods': size=120000Kb used=6339Kb max_used=6339Kb free=113660Kb
 bounds [0x00000282653f0000, 0x0000028265a30000, 0x000002826c920000]
CodeHeap 'profiled nmethods': size=120000Kb used=18755Kb max_used=18755Kb free=101244Kb
 bounds [0x000002825d920000, 0x000002825eb80000, 0x0000028264e50000]
CodeHeap 'non-nmethods': size=5760Kb used=1379Kb max_used=1451Kb free=4380Kb
 bounds [0x0000028264e50000, 0x00000282650c0000, 0x00000282653f0000]
 total_blobs=9918 nmethods=9206 adapters=623
 compilation: enabled
              stopped_count=0, restarted_count=0
 full_count=0

Compilation events (20 events):
Event: 121.467 Thread 0x000002827d0159b0 nmethod 10702 0x000002825eb70610 code [0x000002825eb70a60, 0x000002825eb728c8]
Event: 121.467 Thread 0x000002827d0159b0 10731       3       org.springframework.context.event.AbstractApplicationEventMulticaster$ListenerCacheKey::equals (51 bytes)
Event: 121.467 Thread 0x000002827d0159b0 nmethod 10731 0x000002825eb73490 code [0x000002825eb73660, 0x000002825eb73b98]
Event: 121.467 Thread 0x000002827d0159b0 10732       3       org.apache.catalina.connector.OutputBuffer::close (143 bytes)
Event: 121.468 Thread 0x000002827d0159b0 nmethod 10732 0x000002825eb73d10 code [0x000002825eb73fc0, 0x000002825eb74d18]
Event: 121.469 Thread 0x000002827d0159b0 10770       3       com.zaxxer.hikari.pool.PoolEntry::recycle (23 bytes)
Event: 121.469 Thread 0x000002827d0159b0 nmethod 10770 0x000002825eb75210 code [0x000002825eb753e0, 0x000002825eb757e8]
Event: 121.469 Thread 0x000002827d0159b0 10769       3       org.springframework.web.util.WebUtils::getNativeResponse (37 bytes)
Event: 121.469 Thread 0x0000028242cf5030 nmethod 10771 0x0000028265a1de10 code [0x0000028265a1e020, 0x0000028265a1ea70]
Event: 121.469 Thread 0x000002827d0159b0 nmethod 10769 0x000002825eb75990 code [0x000002825eb75b80, 0x000002825eb76098]
Event: 121.469 Thread 0x0000028242cf5030 10773       4       org.apache.tomcat.util.http.parser.Host$MessageBytesReader::reset (9 bytes)
Event: 121.470 Thread 0x0000028242cf5030 nmethod 10773 0x0000028265a1f190 code [0x0000028265a1f300, 0x0000028265a1f378]
Event: 121.472 Thread 0x000002827d0159b0 10774       3       com.zaxxer.hikari.pool.PoolEntry::setState (9 bytes)
Event: 121.472 Thread 0x000002827d0159b0 nmethod 10774 0x000002825e421990 code [0x000002825e421b40, 0x000002825e421c88]
Event: 121.480 Thread 0x0000028242cf5030 10775   !   4       org.springframework.core.$Proxy6::hashCode (32 bytes)
Event: 121.482 Thread 0x0000028242cf5030 nmethod 10775 0x0000028265a1f490 code [0x0000028265a1f620, 0x0000028265a1f788]
Event: 121.489 Thread 0x0000028242cf5030 10776       4       java.util.ImmutableCollections$List12::get (35 bytes)
Event: 121.490 Thread 0x0000028242cf5030 nmethod 10776 0x0000028265a1f910 code [0x0000028265a1fa80, 0x0000028265a1fb38]
Event: 121.490 Thread 0x0000028242cf5030 10777       4       org.apache.catalina.core.ApplicationFilterFactory::matchDispatcher (103 bytes)
Event: 121.491 Thread 0x0000028242cf5030 nmethod 10777 0x0000028265a1fc10 code [0x0000028265a1fda0, 0x0000028265a1fe78]

GC Heap History (20 events):
Event: 2.165 GC heap before
{Heap before GC invocations=2 (full 0):
 garbage-first heap   total 262144K, used 76170K [0x0000000701200000, 0x0000000800000000)
  region size 2048K, 35 young (71680K), 1 survivors (2048K)
 Metaspace       used 21240K, committed 21504K, reserved 1114112K
  class space    used 2642K, committed 2752K, reserved 1048576K
}
Event: 2.170 GC heap after
{Heap after GC invocations=3 (full 0):
 garbage-first heap   total 262144K, used 13683K [0x0000000701200000, 0x0000000800000000)
  region size 2048K, 4 young (8192K), 4 survivors (8192K)
 Metaspace       used 21240K, committed 21504K, reserved 1114112K
  class space    used 2642K, committed 2752K, reserved 1048576K
}
Event: 2.762 GC heap before
{Heap before GC invocations=4 (full 0):
 garbage-first heap   total 61440K, used 42355K [0x0000000701200000, 0x0000000800000000)
  region size 2048K, 18 young (36864K), 4 survivors (8192K)
 Metaspace       used 26512K, committed 26880K, reserved 1114112K
  class space    used 3386K, committed 3584K, reserved 1048576K
}
Event: 2.770 GC heap after
{Heap after GC invocations=5 (full 0):
 garbage-first heap   total 61440K, used 16940K [0x0000000701200000, 0x0000000800000000)
  region size 2048K, 2 young (4096K), 2 survivors (4096K)
 Metaspace       used 26512K, committed 26880K, reserved 1114112K
  class space    used 3386K, committed 3584K, reserved 1048576K
}
Event: 3.132 GC heap before
{Heap before GC invocations=5 (full 0):
 garbage-first heap   total 61440K, used 37420K [0x0000000701200000, 0x0000000800000000)
  region size 2048K, 13 young (26624K), 2 survivors (4096K)
 Metaspace       used 29748K, committed 30208K, reserved 1114112K
  class space    used 3796K, committed 4032K, reserved 1048576K
}
Event: 3.136 GC heap after
{Heap after GC invocations=6 (full 0):
 garbage-first heap   total 61440K, used 18397K [0x0000000701200000, 0x0000000800000000)
  region size 2048K, 1 young (2048K), 1 survivors (2048K)
 Metaspace       used 29748K, committed 30208K, reserved 1114112K
  class space    used 3796K, committed 4032K, reserved 1048576K
}
Event: 3.539 GC heap before
{Heap before GC invocations=6 (full 0):
 garbage-first heap   total 61440K, used 40925K [0x0000000701200000, 0x0000000800000000)
  region size 2048K, 13 young (26624K), 1 survivors (2048K)
 Metaspace       used 35349K, committed 35840K, reserved 1114112K
  class space    used 4651K, committed 4864K, reserved 1048576K
}
Event: 3.542 GC heap after
{Heap after GC invocations=7 (full 0):
 garbage-first heap   total 61440K, used 19529K [0x0000000701200000, 0x0000000800000000)
  region size 2048K, 2 young (4096K), 2 survivors (4096K)
 Metaspace       used 35349K, committed 35840K, reserved 1114112K
  class space    used 4651K, committed 4864K, reserved 1048576K
}
Event: 3.549 GC heap before
{Heap before GC invocations=7 (full 0):
 garbage-first heap   total 61440K, used 19529K [0x0000000701200000, 0x0000000800000000)
  region size 2048K, 3 young (6144K), 2 survivors (4096K)
 Metaspace       used 35553K, committed 35968K, reserved 1114112K
  class space    used 4663K, committed 4864K, reserved 1048576K
}
Event: 3.551 GC heap after
{Heap after GC invocations=8 (full 0):
 garbage-first heap   total 61440K, used 19714K [0x0000000701200000, 0x0000000800000000)
  region size 2048K, 1 young (2048K), 1 survivors (2048K)
 Metaspace       used 35553K, committed 35968K, reserved 1114112K
  class space    used 4663K, committed 4864K, reserved 1048576K
}
Event: 4.165 GC heap before
{Heap before GC invocations=9 (full 0):
 garbage-first heap   total 61440K, used 44290K [0x0000000701200000, 0x0000000800000000)
  region size 2048K, 13 young (26624K), 1 survivors (2048K)
 Metaspace       used 44709K, committed 45184K, reserved 1114112K
  class space    used 5836K, committed 6080K, reserved 1048576K
}
Event: 4.168 GC heap after
{Heap after GC invocations=10 (full 0):
 garbage-first heap   total 61440K, used 21818K [0x0000000701200000, 0x0000000800000000)
  region size 2048K, 2 young (4096K), 2 survivors (4096K)
 Metaspace       used 44709K, committed 45184K, reserved 1114112K
  class space    used 5836K, committed 6080K, reserved 1048576K
}
Event: 4.559 GC heap before
{Heap before GC invocations=11 (full 0):
 garbage-first heap   total 61440K, used 44346K [0x0000000701200000, 0x0000000800000000)
  region size 2048K, 13 young (26624K), 2 survivors (4096K)
 Metaspace       used 50742K, committed 51136K, reserved 1114112K
  class space    used 6725K, committed 6912K, reserved 1048576K
}
Event: 4.563 GC heap after
{Heap after GC invocations=12 (full 0):
 garbage-first heap   total 61440K, used 23212K [0x0000000701200000, 0x0000000800000000)
  region size 2048K, 1 young (2048K), 1 survivors (2048K)
 Metaspace       used 50742K, committed 51136K, reserved 1114112K
  class space    used 6725K, committed 6912K, reserved 1048576K
}
Event: 4.913 GC heap before
{Heap before GC invocations=12 (full 0):
 garbage-first heap   total 61440K, used 43692K [0x0000000701200000, 0x0000000800000000)
  region size 2048K, 12 young (24576K), 1 survivors (2048K)
 Metaspace       used 54859K, committed 55296K, reserved 1114112K
  class space    used 7408K, committed 7616K, reserved 1048576K
}
Event: 4.915 GC heap after
{Heap after GC invocations=13 (full 0):
 garbage-first heap   total 161792K, used 23702K [0x0000000701200000, 0x0000000800000000)
  region size 2048K, 1 young (2048K), 1 survivors (2048K)
 Metaspace       used 54859K, committed 55296K, reserved 1114112K
  class space    used 7408K, committed 7616K, reserved 1048576K
}
Event: 6.540 GC heap before
{Heap before GC invocations=13 (full 0):
 garbage-first heap   total 161792K, used 117910K [0x0000000701200000, 0x0000000800000000)
  region size 2048K, 47 young (96256K), 1 survivors (2048K)
 Metaspace       used 63817K, committed 64384K, reserved 1114112K
  class space    used 8601K, committed 8896K, reserved 1048576K
}
Event: 6.546 GC heap after
{Heap after GC invocations=14 (full 0):
 garbage-first heap   total 161792K, used 29535K [0x0000000701200000, 0x0000000800000000)
  region size 2048K, 4 young (8192K), 4 survivors (8192K)
 Metaspace       used 63817K, committed 64384K, reserved 1114112K
  class space    used 8601K, committed 8896K, reserved 1048576K
}
Event: 119.502 GC heap before
{Heap before GC invocations=14 (full 0):
 garbage-first heap   total 161792K, used 115551K [0x0000000701200000, 0x0000000800000000)
  region size 2048K, 47 young (96256K), 4 survivors (8192K)
 Metaspace       used 71109K, committed 71744K, reserved 1114112K
  class space    used 9263K, committed 9600K, reserved 1048576K
}
Event: 119.509 GC heap after
{Heap after GC invocations=15 (full 0):
 garbage-first heap   total 161792K, used 31638K [0x0000000701200000, 0x0000000800000000)
  region size 2048K, 4 young (8192K), 4 survivors (8192K)
 Metaspace       used 71109K, committed 71744K, reserved 1114112K
  class space    used 9263K, committed 9600K, reserved 1048576K
}

Deoptimization events (20 events):
Event: 119.147 Thread 0x00000282431ed480 Uncommon trap: trap_request=0xffffffc6 fr.pc=0x00000282659539fc relative=0x00000000000003bc
Event: 119.147 Thread 0x00000282431ed480 Uncommon trap: reason=bimorphic_or_optimized_type_check action=maybe_recompile pc=0x00000282659539fc method=java.lang.ThreadLocal.set(Ljava/lang/Object;)V @ 6 c2
Event: 119.147 Thread 0x00000282431ed480 DEOPT PACKING pc=0x00000282659539fc sp=0x000000e1068fd8b0
Event: 119.147 Thread 0x00000282431ed480 DEOPT UNPACKING pc=0x0000028264ea23a3 sp=0x000000e1068fd878 mode 2
Event: 119.219 Thread 0x00000282431ede20 Uncommon trap: trap_request=0xffffffc6 fr.pc=0x00000282659539fc relative=0x00000000000003bc
Event: 119.219 Thread 0x00000282431ede20 Uncommon trap: reason=bimorphic_or_optimized_type_check action=maybe_recompile pc=0x00000282659539fc method=java.lang.ThreadLocal.set(Ljava/lang/Object;)V @ 6 c2
Event: 119.219 Thread 0x00000282431ede20 DEOPT PACKING pc=0x00000282659539fc sp=0x000000e106bfd3c0
Event: 119.219 Thread 0x00000282431ede20 DEOPT UNPACKING pc=0x0000028264ea23a3 sp=0x000000e106bfd388 mode 2
Event: 119.324 Thread 0x00000282431ee2f0 DEOPT PACKING pc=0x000002825e6dc348 sp=0x000000e1072faf20
Event: 119.325 Thread 0x00000282431ee2f0 DEOPT UNPACKING pc=0x0000028264ea2b43 sp=0x000000e1072fa668 mode 0
Event: 119.497 Thread 0x00000282431ed480 DEOPT PACKING pc=0x000002825e6dc348 sp=0x000000e1068fb2a0
Event: 119.497 Thread 0x00000282431ed480 DEOPT UNPACKING pc=0x0000028264ea2b43 sp=0x000000e1068fa9e8 mode 0
Event: 119.573 Thread 0x00000282431ecae0 Uncommon trap: trap_request=0xffffffc6 fr.pc=0x00000282659539fc relative=0x00000000000003bc
Event: 119.573 Thread 0x00000282431ecae0 Uncommon trap: reason=bimorphic_or_optimized_type_check action=maybe_recompile pc=0x00000282659539fc method=java.lang.ThreadLocal.set(Ljava/lang/Object;)V @ 6 c2
Event: 119.573 Thread 0x00000282431ecae0 DEOPT PACKING pc=0x00000282659539fc sp=0x000000e106afd940
Event: 119.573 Thread 0x00000282431ecae0 DEOPT UNPACKING pc=0x0000028264ea23a3 sp=0x000000e106afd908 mode 2
Event: 121.321 Thread 0x00000282431ede20 DEOPT PACKING pc=0x000002825e5ce616 sp=0x000000e106bfb6a0
Event: 121.321 Thread 0x00000282431ede20 DEOPT UNPACKING pc=0x0000028264ea2b43 sp=0x000000e106bfab40 mode 0
Event: 121.321 Thread 0x00000282431ede20 DEOPT PACKING pc=0x000002825e896b1c sp=0x000000e106bfb710
Event: 121.321 Thread 0x00000282431ede20 DEOPT UNPACKING pc=0x0000028264ea2b43 sp=0x000000e106bfabe8 mode 0

Classes unloaded (0 events):
No events

Classes redefined (0 events):
No events

Internal exceptions (20 events):
Event: 5.752 Thread 0x000002827dff5cb0 Exception <a 'java/lang/reflect/InvocationTargetException'{0x0000000708a16d78}> (0x0000000708a16d78) 
thrown [s\open\src\hotspot\share\runtime\reflection.cpp, line 1121]
Event: 5.757 Thread 0x000002827dff5cb0 Exception <a 'java/lang/reflect/InvocationTargetException'{0x0000000708a39c38}> (0x0000000708a39c38) 
thrown [s\open\src\hotspot\share\runtime\reflection.cpp, line 1121]
Event: 5.808 Thread 0x000002827dff5cb0 Exception <a 'java/lang/reflect/InvocationTargetException'{0x00000007080f5860}> (0x00000007080f5860) 
thrown [s\open\src\hotspot\share\runtime\reflection.cpp, line 1121]
Event: 5.811 Thread 0x000002827dff5cb0 Exception <a 'java/lang/reflect/InvocationTargetException'{0x0000000708105a60}> (0x0000000708105a60) 
thrown [s\open\src\hotspot\share\runtime\reflection.cpp, line 1121]
Event: 5.839 Thread 0x000002827dff5cb0 Exception <a 'java/lang/reflect/InvocationTargetException'{0x0000000707a76820}> (0x0000000707a76820) 
thrown [s\open\src\hotspot\share\runtime\reflection.cpp, line 1121]
Event: 5.872 Thread 0x000002827dff5cb0 Exception <a 'java/lang/reflect/InvocationTargetException'{0x0000000707413fe8}> (0x0000000707413fe8) 
thrown [s\open\src\hotspot\share\runtime\reflection.cpp, line 1121]
Event: 5.897 Thread 0x000002827dff5cb0 Exception <a 'java/lang/reflect/InvocationTargetException'{0x00000007071904b8}> (0x00000007071904b8) 
thrown [s\open\src\hotspot\share\runtime\reflection.cpp, line 1121]
Event: 5.980 Thread 0x000002827dff5cb0 Exception <a 'sun/nio/fs/WindowsException'{0x0000000706da8a28}> (0x0000000706da8a28) 
thrown [s\open\src\hotspot\share\prims\jni.cpp, line 516]
Event: 5.987 Thread 0x000002827dff5cb0 Exception <a 'java/lang/IncompatibleClassChangeError'{0x0000000706df06d8}: Found class java.lang.Object, but interface was expected> (0x0000000706df06d8) 
thrown [s\open\src\hotspot\share\interpreter\linkResolver.cpp, line 826]
Event: 6.001 Thread 0x000002827dff5cb0 Exception <a 'sun/nio/fs/WindowsException'{0x0000000706ab3bb0}> (0x0000000706ab3bb0) 
thrown [s\open\src\hotspot\share\prims\jni.cpp, line 516]
Event: 6.247 Thread 0x000002827dff5cb0 Exception <a 'java/lang/NoSuchMethodError'{0x00000007062e89f8}: 'void java.lang.invoke.DirectMethodHandle$Holder.invokeVirtual(java.lang.Object, java.lang.Object, long)'> (0x00000007062e89f8) 
thrown [s\open\src\hotspot\share\interpreter\linkResolver.cpp, line 759]
Event: 6.386 Thread 0x000002827dff5cb0 Exception <a 'java/lang/IncompatibleClassChangeError'{0x0000000705df3c48}: Found class java.lang.Object, but interface was expected> (0x0000000705df3c48) 
thrown [s\open\src\hotspot\share\interpreter\linkResolver.cpp, line 826]
Event: 6.595 Thread 0x000002827dff5cb0 Exception <a 'java/lang/NoSuchMethodError'{0x000000070cb28390}: 'java.lang.Object java.lang.invoke.DirectMethodHandle$Holder.newInvokeSpecial(java.lang.Object, java.lang.Object, int, java.lang.Object, java.lang.Object)'> (0x000000070cb28390) 
thrown [s\open\src\hotspot\share\interpreter\linkResolver.cpp, line 759]
Event: 6.596 Thread 0x000002827dff5cb0 Exception <a 'java/lang/NoSuchMethodError'{0x000000070cb33598}: 'java.lang.Object java.lang.invoke.DirectMethodHandle$Holder.invokeSpecial(java.lang.Object, java.lang.Object, int, java.lang.Object, int, java.lang.Object)'> (0x000000070cb33598) 
thrown [s\open\src\hotspot\share\interpreter\linkResolver.cpp, line 759]
Event: 6.596 Thread 0x000002827dff5cb0 Exception <a 'java/lang/NoSuchMethodError'{0x000000070cb3b248}: 'java.lang.Object java.lang.invoke.DirectMethodHandle$Holder.newInvokeSpecial(java.lang.Object, java.lang.Object, int, java.lang.Object, int)'> (0x000000070cb3b248) 
thrown [s\open\src\hotspot\share\interpreter\linkResolver.cpp, line 759]
Event: 6.597 Thread 0x000002827dff5cb0 Exception <a 'java/lang/NoSuchMethodError'{0x000000070cb3f300}: 'java.lang.Object java.lang.invoke.DirectMethodHandle$Holder.invokeSpecial(java.lang.Object, java.lang.Object, java.lang.Object, int, java.lang.Object, int)'> (0x000000070cb3f300) 
thrown [s\open\src\hotspot\share\interpreter\linkResolver.cpp, line 759]
Event: 116.300 Thread 0x00000282431ed480 Exception <a 'java/lang/NoSuchMethodError'{0x0000000709b8dfe0}: 'java.lang.Object java.lang.invoke.DirectMethodHandle$Holder.invokeSpecial(java.lang.Object, java.lang.Object, java.lang.Object, java.lang.Object, java.lang.Object, long)'> (0x0000000709b8dfe0) 
thrown [s\open\src\hotspot\share\interpreter\linkResolver.cpp, line 759]
Event: 116.301 Thread 0x00000282431ed480 Exception <a 'java/lang/NoSuchMethodError'{0x0000000709b919d8}: 'java.lang.Object java.lang.invoke.Invokers$Holder.linkToTargetMethod(java.lang.Object, java.lang.Object, java.lang.Object, long, java.lang.Object)'> (0x0000000709b919d8) 
thrown [s\open\src\hotspot\share\interpreter\linkResolver.cpp, line 759]
Event: 116.433 Thread 0x00000282431ed480 Exception <a 'java/lang/NoSuchMethodError'{0x00000007095491c0}: 'java.lang.Object java.lang.invoke.DirectMethodHandle$Holder.invokeInterface(java.lang.Object, java.lang.Object, java.lang.Object, java.lang.Object)'> (0x00000007095491c0) 
thrown [s\open\src\hotspot\share\interpreter\linkResolver.cpp, line 759]
Event: 116.455 Thread 0x00000282431ed480 Implicit null exception at 0x000002826576a193 to 0x000002826576a2d4

VM Operations (20 events):
Event: 119.502 Executing VM operation: G1CollectForAllocation
Event: 119.511 Executing VM operation: G1CollectForAllocation done
Event: 119.512 Executing VM operation: HandshakeAllThreads
Event: 119.512 Executing VM operation: HandshakeAllThreads done
Event: 119.558 Executing VM operation: HandshakeAllThreads
Event: 119.707 Executing VM operation: HandshakeAllThreads done
Event: 119.730 Executing VM operation: HandshakeAllThreads
Event: 119.730 Executing VM operation: HandshakeAllThreads done
Event: 119.934 Executing VM operation: ICBufferFull
Event: 119.939 Executing VM operation: ICBufferFull done
Event: 120.525 Executing VM operation: ICBufferFull
Event: 120.526 Executing VM operation: ICBufferFull done
Event: 120.526 Executing VM operation: ICBufferFull
Event: 120.526 Executing VM operation: ICBufferFull done
Event: 121.320 Executing VM operation: HandshakeAllThreads
Event: 121.321 Executing VM operation: HandshakeAllThreads done
Event: 121.381 Executing VM operation: ICBufferFull
Event: 121.385 Executing VM operation: ICBufferFull done
Event: 121.385 Executing VM operation: ICBufferFull
Event: 121.417 Executing VM operation: ICBufferFull done

Events (20 events):
Event: 119.743 Thread 0x000002827d0162d0 flushing nmethod 0x000002825e61d510
Event: 119.743 Thread 0x000002827d0162d0 flushing nmethod 0x000002825e622490
Event: 119.743 Thread 0x000002827d0162d0 flushing nmethod 0x000002825e625910
Event: 119.743 Thread 0x000002827d0162d0 flushing nmethod 0x000002825e626b10
Event: 119.743 Thread 0x000002827d0162d0 flushing nmethod 0x000002825e628090
Event: 119.743 Thread 0x000002827d0162d0 flushing nmethod 0x000002825e62a090
Event: 119.743 Thread 0x000002827d0162d0 flushing nmethod 0x000002825e64db90
Event: 119.743 Thread 0x000002827d0162d0 flushing nmethod 0x000002825e668790
Event: 119.743 Thread 0x000002827d0162d0 flushing nmethod 0x000002825e690190
Event: 119.743 Thread 0x000002827d0162d0 flushing nmethod 0x000002825e6a3990
Event: 119.743 Thread 0x000002827d0162d0 flushing nmethod 0x000002825e6aee90
Event: 119.743 Thread 0x000002827d0162d0 flushing nmethod 0x000002825e6af310
Event: 119.743 Thread 0x000002827d0162d0 flushing nmethod 0x000002825e6c2a90
Event: 119.743 Thread 0x000002827d0162d0 flushing nmethod 0x000002825e6ccb90
Event: 119.743 Thread 0x000002827d0162d0 flushing nmethod 0x000002825e6f2f90
Event: 119.744 Thread 0x000002827d0162d0 flushing nmethod 0x000002825e796790
Event: 119.744 Thread 0x000002827d0162d0 flushing nmethod 0x000002825e7aac90
Event: 119.744 Thread 0x000002827d0162d0 flushing nmethod 0x000002825e7d6a10
Event: 119.744 Thread 0x000002827d0162d0 flushing nmethod 0x000002825e7d9810
Event: 119.745 Thread 0x000002827d0162d0 flushing nmethod 0x000002825e982610


Dynamic libraries:
0x00007ff62ee10000 - 0x00007ff62ee20000 	C:\Program Files\Java\jdk-17\bin\java.exe
0x00007ffa69880000 - 0x00007ffa69a70000 	C:\Windows\SYSTEM32\ntdll.dll
0x00007ffa68ca0000 - 0x00007ffa68d52000 	C:\Windows\System32\KERNEL32.DLL
0x00007ffa67400000 - 0x00007ffa676a5000 	C:\Windows\System32\KERNELBASE.dll
0x00007ffa677e0000 - 0x00007ffa678da000 	C:\Windows\System32\ucrtbase.dll
0x00007ffa51460000 - 0x00007ffa51479000 	C:\Program Files\Java\jdk-17\bin\jli.dll
0x00007ffa512e0000 - 0x00007ffa512fb000 	C:\Program Files\Java\jdk-17\bin\VCRUNTIME140.dll
0x00007ffa67fb0000 - 0x00007ffa68053000 	C:\Windows\System32\ADVAPI32.dll
0x00007ffa67f10000 - 0x00007ffa67fae000 	C:\Windows\System32\msvcrt.dll
0x00007ffa694e0000 - 0x00007ffa69577000 	C:\Windows\System32\sechost.dll
0x00007ffa67d70000 - 0x00007ffa67e90000 	C:\Windows\System32\RPCRT4.dll
0x00007ffa684a0000 - 0x00007ffa68635000 	C:\Windows\System32\USER32.dll
0x00007ffa678e0000 - 0x00007ffa67901000 	C:\Windows\System32\win32u.dll
0x00007ffa51960000 - 0x00007ffa51be4000 	C:\Windows\WinSxS\amd64_microsoft.windows.common-controls_6595b64144ccf1df_6.0.18362.1082_none_9e8193e1e45b25c1\COMCTL32.dll
0x00007ffa694b0000 - 0x00007ffa694d6000 	C:\Windows\System32\GDI32.dll
0x00007ffa66ff0000 - 0x00007ffa67186000 	C:\Windows\System32\gdi32full.dll
0x00007ffa68080000 - 0x00007ffa683b5000 	C:\Windows\System32\combase.dll
0x00007ffa67330000 - 0x00007ffa673ce000 	C:\Windows\System32\msvcp_win.dll
0x00007ffa676b0000 - 0x00007ffa67730000 	C:\Windows\System32\bcryptPrimitives.dll
0x00007ffa5a810000 - 0x00007ffa5a81a000 	C:\Windows\SYSTEM32\VERSION.dll
0x00007ffa69730000 - 0x00007ffa6975e000 	C:\Windows\System32\IMM32.DLL
0x00007ffa55d10000 - 0x00007ffa55d1c000 	C:\Program Files\Java\jdk-17\bin\vcruntime140_1.dll
0x00007ffa26290000 - 0x00007ffa2631e000 	C:\Program Files\Java\jdk-17\bin\msvcp140.dll
0x00007ff9f0990000 - 0x00007ff9f156e000 	C:\Program Files\Java\jdk-17\bin\server\jvm.dll
0x00007ffa69760000 - 0x00007ffa69768000 	C:\Windows\System32\PSAPI.DLL
0x00007ffa64910000 - 0x00007ffa64919000 	C:\Windows\SYSTEM32\WSOCK32.dll
0x00007ffa64760000 - 0x00007ffa64784000 	C:\Windows\SYSTEM32\WINMM.dll
0x00007ffa696c0000 - 0x00007ffa6972f000 	C:\Windows\System32\WS2_32.dll
0x00007ffa646e0000 - 0x00007ffa6470d000 	C:\Windows\SYSTEM32\winmmbase.dll
0x00007ffa672e0000 - 0x00007ffa6732a000 	C:\Windows\System32\cfgmgr32.dll
0x00007ffa66750000 - 0x00007ffa66761000 	C:\Windows\System32\kernel.appcore.dll
0x00007ffa53fb0000 - 0x00007ffa53fba000 	C:\Program Files\Java\jdk-17\bin\jimage.dll
0x00007ffa58630000 - 0x00007ffa58824000 	C:\Windows\SYSTEM32\DBGHELP.DLL
0x00007ffa57fd0000 - 0x00007ffa57ffa000 	C:\Windows\SYSTEM32\dbgcore.DLL
0x00007ffa53d00000 - 0x00007ffa53d0e000 	C:\Program Files\Java\jdk-17\bin\instrument.dll
0x00007ffa29e90000 - 0x00007ffa29eb5000 	C:\Program Files\Java\jdk-17\bin\java.dll
0x00007ffa16e40000 - 0x00007ffa16f17000 	C:\Program Files\Java\jdk-17\bin\jsvml.dll
0x00007ffa68d60000 - 0x00007ffa69447000 	C:\Windows\System32\SHELL32.dll
0x00007ffa69580000 - 0x00007ffa69629000 	C:\Windows\System32\shcore.dll
0x00007ffa66870000 - 0x00007ffa66ff0000 	C:\Windows\System32\windows.storage.dll
0x00007ffa667e0000 - 0x00007ffa66803000 	C:\Windows\System32\profapi.dll
0x00007ffa66790000 - 0x00007ffa667da000 	C:\Windows\System32\powrprof.dll
0x00007ffa66740000 - 0x00007ffa66750000 	C:\Windows\System32\UMPDC.dll
0x00007ffa67930000 - 0x00007ffa67982000 	C:\Windows\System32\shlwapi.dll
0x00007ffa67910000 - 0x00007ffa67927000 	C:\Windows\System32\cryptsp.dll
0x00007ffa4d810000 - 0x00007ffa4d828000 	C:\Program Files\Java\jdk-17\bin\zip.dll
0x00007ffa50650000 - 0x00007ffa50669000 	C:\Program Files\Java\jdk-17\bin\net.dll
0x00007ffa5e800000 - 0x00007ffa5e8f0000 	C:\Windows\SYSTEM32\WINHTTP.dll
0x00007ffa65f90000 - 0x00007ffa65ff7000 	C:\Windows\system32\mswsock.dll
0x00007ffa4e4d0000 - 0x00007ffa4e4e6000 	C:\Program Files\Java\jdk-17\bin\nio.dll
0x00007ffa5ecb0000 - 0x00007ffa5ecca000 	C:\Program Files\JetBrains\IntelliJ IDEA Community Edition 2023.2.2\bin\breakgen64.dll
0x00007ffa53240000 - 0x00007ffa5324a000 	C:\Program Files\Java\jdk-17\bin\management.dll
0x00007ffa53230000 - 0x00007ffa5323b000 	C:\Program Files\Java\jdk-17\bin\management_ext.dll
0x00007ffa65aa0000 - 0x00007ffa65ad3000 	C:\Windows\system32\rsaenh.dll
0x00007ffa673d0000 - 0x00007ffa673f6000 	C:\Windows\System32\bcrypt.dll
0x00007ffa66660000 - 0x00007ffa66685000 	C:\Windows\SYSTEM32\USERENV.dll
0x00007ffa66160000 - 0x00007ffa6616c000 	C:\Windows\SYSTEM32\CRYPTBASE.dll
0x00007ffa65ca0000 - 0x00007ffa65cda000 	C:\Windows\SYSTEM32\IPHLPAPI.DLL
0x00007ffa68070000 - 0x00007ffa68078000 	C:\Windows\System32\NSI.dll
0x00007ffa61370000 - 0x00007ffa61386000 	C:\Windows\SYSTEM32\dhcpcsvc6.DLL
0x00007ffa61350000 - 0x00007ffa6136c000 	C:\Windows\SYSTEM32\dhcpcsvc.DLL
0x00007ffa65ce0000 - 0x00007ffa65dab000 	C:\Windows\SYSTEM32\DNSAPI.dll
0x00007ffa524a0000 - 0x00007ffa524ae000 	C:\Program Files\Java\jdk-17\bin\sunmscapi.dll
0x00007ffa67190000 - 0x00007ffa672d9000 	C:\Windows\System32\CRYPT32.dll
0x00007ffa66770000 - 0x00007ffa66782000 	C:\Windows\System32\MSASN1.dll
0x00007ffa66260000 - 0x00007ffa66286000 	C:\Windows\SYSTEM32\ncrypt.dll
0x00007ffa66220000 - 0x00007ffa6625b000 	C:\Windows\SYSTEM32\NTASN1.dll
0x00007ffa52580000 - 0x00007ffa52590000 	C:\Program Files\Java\jdk-17\bin\verify.dll
0x00007ffa5d640000 - 0x00007ffa5d64a000 	C:\Windows\System32\rasadhlp.dll
0x00007ffa60ca0000 - 0x00007ffa60d17000 	C:\Windows\System32\fwpuclnt.dll
0x00007ffa5e290000 - 0x00007ffa5e297000 	C:\Windows\system32\wshunix.dll

dbghelp: loaded successfully - version: 4.0.5 - missing functions: none
symbol engine: initialized successfully - sym options: 0x614 - pdb path: .;C:\Program Files\Java\jdk-17\bin;C:\Windows\SYSTEM32;C:\Windows\WinSxS\amd64_microsoft.windows.common-controls_6595b64144ccf1df_6.0.18362.1082_none_9e8193e1e45b25c1;C:\Program Files\Java\jdk-17\bin\server;C:\Program Files\JetBrains\IntelliJ IDEA Community Edition 2023.2.2\bin

VM Arguments:
jvm_args: -javaagent:C:\Program Files\JetBrains\IntelliJ IDEA Community Edition 2023.2.2\lib\idea_rt.jar=62447:C:\Program Files\JetBrains\IntelliJ IDEA Community Edition 2023.2.2\bin -Dfile.encoding=UTF-8 
java_command: com.example.sugarroad2.SugarRoad2Application
java_class_path (initial): C:\sugar-road2\sugar-road2\server\out\production\classes;C:\sugar-road2\sugar-road2\server\out\production\resources;C:\Users\COM\.gradle\caches\modules-2\files-2.1\org.springframework.boot\spring-boot-starter-data-jpa\3.1.5\5fdcfab1fe9d6dddf4352d71f5ed879eb1aa92c2\spring-boot-starter-data-jpa-3.1.5.jar;C:\Users\COM\.gradle\caches\modules-2\files-2.1\org.springframework.boot\spring-boot-starter-hateoas\3.1.5\a42f3e516eee950170e5400f515668130a775a08\spring-boot-starter-hateoas-3.1.5.jar;C:\Users\COM\.gradle\caches\modules-2\files-2.1\org.springframework.boot\spring-boot-starter-thymeleaf\3.1.5\3d5f1bff03e5e58b065ca230b7ee24b84bf7fe75\spring-boot-starter-thymeleaf-3.1.5.jar;C:\Users\COM\.gradle\caches\modules-2\files-2.1\org.springframework.boot\spring-boot-starter-web\3.1.5\3674e5603cc25bc4dccf73b97d50234332fc3d72\spring-boot-starter-web-3.1.5.jar;C:\Users\COM\.gradle\caches\modules-2\files-2.1\org.springframework.boot\spring-boot-starter\3.1.5\a14cd17b86261933929566775d80c65b9f7440fc\spring-boot-starter-3.1.5.jar;C:\Users\COM\.gradle\caches\modules-2\files-2.1\org.springframework.boot\spring-boot-starter-aop\3.1.5\2ac1f8bf4c2bce13b46d04abafc69a4f1523a08\spring-boot-starter-aop-3.1.5.jar;C:\Users\COM\.gradle\caches\modules-2\files-2.1\org.springframework.boot\spring-boot-starter-jdbc\3.1.5\138c0e0ab493d8a51bb51dfc3b7144d702ff4c26\spring-boot-starter-jdbc-3.1.5.jar;C:\Users\COM\.gradle\caches\modules-2\files-2.1\org.hibernate.orm\hibernate-core\6.2.13.Final\de458672b40154ab9ecfe7466987ad1772167af8\hibernate-core-6.2.13.Final.jar;C:\Users\COM\.gradle\caches\modules-2\files-2.1\org.springframework.data\spring-data-jpa\3.1.5\6de79da064f0b97c6448e0bfa5d63da9fb6e1582\spring-data-jpa-3.1.5.jar;C:\Users\COM\.gradle\caches\modules-2\files-2.1\org.springframework\spring-aspects\6.0.13\59b1d3f507f5ed2e4ef357541c464925831bea9b\spring-aspects-6.0.13.jar;C:\Users\COM\.gradle\caches\modules-2\files-2.1\org.springframework.hateoas\spring-hateoas\2.1.2\480
Launcher Type: SUN_STANDARD

[Global flags]
     intx CICompilerCount                          = 4                                         {product} {ergonomic}
     uint ConcGCThreads                            = 2                                         {product} {ergonomic}
     uint G1ConcRefinementThreads                  = 8                                         {product} {ergonomic}
   size_t G1HeapRegionSize                         = 2097152                                   {product} {ergonomic}
    uintx GCDrainStackTargetSize                   = 64                                        {product} {ergonomic}
   size_t InitialHeapSize                          = 268435456                                 {product} {ergonomic}
   size_t MarkStackSize                            = 4194304                                   {product} {ergonomic}
   size_t MaxHeapSize                              = 4276092928                                {product} {ergonomic}
   size_t MaxNewSize                               = 2564816896                                {product} {ergonomic}
   size_t MinHeapDeltaBytes                        = 2097152                                   {product} {ergonomic}
   size_t MinHeapSize                              = 8388608                                   {product} {ergonomic}
    uintx NonNMethodCodeHeapSize                   = 5839372                                {pd product} {ergonomic}
    uintx NonProfiledCodeHeapSize                  = 122909434                              {pd product} {ergonomic}
    uintx ProfiledCodeHeapSize                     = 122909434                              {pd product} {ergonomic}
    uintx ReservedCodeCacheSize                    = 251658240                              {pd product} {ergonomic}
     bool SegmentedCodeCache                       = true                                      {product} {ergonomic}
   size_t SoftMaxHeapSize                          = 4276092928                             {manageable} {ergonomic}
     bool UseCompressedClassPointers               = true                           {product lp64_product} {ergonomic}
     bool UseCompressedOops                        = true                           {product lp64_product} {ergonomic}
     bool UseG1GC                                  = true                                      {product} {ergonomic}
     bool UseLargePagesIndividualAllocation        = false                                  {pd product} {ergonomic}

Logging:
Log output configuration:
 #0: stdout all=warning uptime,level,tags
 #1: stderr all=off uptime,level,tags

Environment Variables:
JAVA_HOME=C:\Program Files\Java\jdk-17
PATH=C:\Python312\Scripts\;C:\Python312\;C:\Program Files\nodejs;C:\Program Files\Java\jdk-17\bin;C:\Program Files\MySQL\MySQL Server 8.0\bin;C:\Program Files\Common Files\Oracle\Java\javapath;C:\Windows\system32;C:\Windows;C:\Windows\System32\Wbem;C:\Windows\System32\WindowsPowerShell\v1.0\;C:\Windows\System32\OpenSSH\;C:\Program Files\Bandizip\;C:\Program Files\Git\cmd;C:\Program Files\nodejs\;C:\ProgramData\chocolatey\bin;C:\Users\COM\AppData\Local\Microsoft\WindowsApps;;C:\Users\COM\AppData\Local\Programs\Microsoft VS Code\bin;C:\Users\COM\AppData\Roaming\npm;C:\Program Files (x86)\ESTsoft\ALSee\x64
USERNAME=COM
OS=Windows_NT
PROCESSOR_IDENTIFIER=Intel64 Family 6 Model 60 Stepping 3, GenuineIntel



---------------  S Y S T E M  ---------------

OS:
 Windows 10 , 64 bit Build 18362 (10.0.18362.1082)
OS uptime: 3 days 4:00 hours

CPU: total 8 (initial active 8) (4 cores per cpu, 2 threads per core) family 6 model 60 stepping 3 microcode 0x25, cx8, cmov, fxsr, ht, mmx, sse, sse2, sse3, ssse3, sse4.1, sse4.2, popcnt, lzcnt, tsc, tscinvbit, avx, avx2, aes, erms, clmul, bmi1, bmi2, fma, vzeroupper, clflush

Memory: 4k page, system-wide physical 16304M (3832M free)
TotalPageFile size 42564M (AvailPageFile size 5M)
current process WorkingSet (physical memory assigned to process): 348M, peak: 366M
current process commit charge ("private bytes"): 401M, peak: 419M

vm_info: Java HotSpot(TM) 64-Bit Server VM (17.0.8+9-LTS-211) for windows-amd64 JRE (17.0.8+9-LTS-211), built on Jun 14 2023 10:34:31 by "mach5one" with MS VC++ 17.1 (VS2022)

END.
